<?xml version="1.0" encoding="UTF-8"?>
<testng-results ignored="0" total="1" passed="1" failed="0" skipped="0">
  <reporter-output>
  </reporter-output>
  <suite started-at="2022-05-28T18:31:09 EDT" name="Suite" finished-at="2022-05-28T18:31:35 EDT" duration-ms="26256">
    <groups>
    </groups>
    <test started-at="2022-05-28T18:31:09 EDT" name="Test" finished-at="2022-05-28T18:31:35 EDT" duration-ms="26256">
      <class name="Test_Scenarios.TestMethods">
        <test-method is-config="true" signature="setup(java.lang.String)[pri:0, instance:Test_Scenarios.TestMethods@3542162a]" started-at="2022-05-28T18:31:09 EDT" name="setup" finished-at="2022-05-28T18:31:13 EDT" duration-ms="4170" status="PASS">
          <params>
            <param index="0">
              <value>
                <![CDATA[chrome]]>
              </value>
            </param>
          </params>
          <reporter-output>
          </reporter-output>
        </test-method> <!-- setup -->
        <test-method signature="AmazonOperations()[pri:0, instance:Test_Scenarios.TestMethods@3542162a]" started-at="2022-05-28T18:31:13 EDT" name="AmazonOperations" finished-at="2022-05-28T18:31:31 EDT" duration-ms="17793" status="PASS">
          <reporter-output>
          </reporter-output>
        </test-method> <!-- AmazonOperations -->
        <test-method is-config="true" signature="endtest()[pri:0, instance:Test_Scenarios.TestMethods@3542162a]" started-at="2022-05-28T18:31:31 EDT" name="endtest" finished-at="2022-05-28T18:31:35 EDT" duration-ms="4273" status="PASS">
          <reporter-output>
          </reporter-output>
        </test-method> <!-- endtest -->
      </class> <!-- Test_Scenarios.TestMethods -->
    </test> <!-- Test -->
  </suite> <!-- Suite -->
</testng-results>
